{"/home/alex/frontend-project-lvl2/src/formDiff.js": {"path":"/home/alex/frontend-project-lvl2/src/formDiff.js","all":false,"statementMap":{"0":{"start":{"line":1,"column":0},"end":{"line":1,"column":23}},"1":{"start":{"line":2,"column":0},"end":{"line":2,"column":0}},"2":{"start":{"line":3,"column":0},"end":{"line":3,"column":36}},"3":{"start":{"line":4,"column":0},"end":{"line":4,"column":43}},"4":{"start":{"line":5,"column":0},"end":{"line":5,"column":79}},"5":{"start":{"line":6,"column":0},"end":{"line":6,"column":81}},"6":{"start":{"line":7,"column":0},"end":{"line":7,"column":138}},"7":{"start":{"line":8,"column":0},"end":{"line":8,"column":90}},"8":{"start":{"line":9,"column":0},"end":{"line":9,"column":12}},"9":{"start":{"line":10,"column":0},"end":{"line":10,"column":69}},"10":{"start":{"line":11,"column":0},"end":{"line":11,"column":6}},"11":{"start":{"line":12,"column":0},"end":{"line":12,"column":4}},"12":{"start":{"line":13,"column":0},"end":{"line":13,"column":0}},"13":{"start":{"line":14,"column":0},"end":{"line":14,"column":39}},"14":{"start":{"line":15,"column":0},"end":{"line":15,"column":39}},"15":{"start":{"line":16,"column":0},"end":{"line":16,"column":64}},"16":{"start":{"line":17,"column":0},"end":{"line":17,"column":0}},"17":{"start":{"line":18,"column":0},"end":{"line":18,"column":65}},"18":{"start":{"line":19,"column":0},"end":{"line":19,"column":2}},"19":{"start":{"line":20,"column":0},"end":{"line":20,"column":0}},"20":{"start":{"line":21,"column":0},"end":{"line":21,"column":24}}},"s":{"0":1,"1":1,"2":1,"3":30,"4":108,"5":108,"6":108,"7":108,"8":24,"9":24,"10":24,"11":24,"12":30,"13":30,"14":30,"15":30,"16":30,"17":30,"18":30,"19":1,"20":1},"branchMap":{"0":{"type":"branch","line":3,"loc":{"start":{"line":3,"column":17},"end":{"line":19,"column":2}},"locations":[{"start":{"line":3,"column":17},"end":{"line":19,"column":2}}]},"1":{"type":"branch","line":4,"loc":{"start":{"line":4,"column":19},"end":{"line":12,"column":4}},"locations":[{"start":{"line":4,"column":19},"end":{"line":12,"column":4}}]},"2":{"type":"branch","line":5,"loc":{"start":{"line":5,"column":28},"end":{"line":5,"column":35}},"locations":[{"start":{"line":5,"column":28},"end":{"line":5,"column":35}}]},"3":{"type":"branch","line":5,"loc":{"start":{"line":5,"column":28},"end":{"line":6,"column":8}},"locations":[{"start":{"line":5,"column":28},"end":{"line":6,"column":8}}]},"4":{"type":"branch","line":6,"loc":{"start":{"line":6,"column":28},"end":{"line":6,"column":35}},"locations":[{"start":{"line":6,"column":28},"end":{"line":6,"column":35}}]},"5":{"type":"branch","line":6,"loc":{"start":{"line":6,"column":28},"end":{"line":7,"column":9}},"locations":[{"start":{"line":6,"column":28},"end":{"line":7,"column":9}}]},"6":{"type":"branch","line":7,"loc":{"start":{"line":7,"column":8},"end":{"line":7,"column":35}},"locations":[{"start":{"line":7,"column":8},"end":{"line":7,"column":35}}]},"7":{"type":"branch","line":7,"loc":{"start":{"line":7,"column":58},"end":{"line":7,"column":65}},"locations":[{"start":{"line":7,"column":58},"end":{"line":7,"column":65}}]},"8":{"type":"branch","line":7,"loc":{"start":{"line":7,"column":58},"end":{"line":8,"column":8}},"locations":[{"start":{"line":7,"column":58},"end":{"line":8,"column":8}}]},"9":{"type":"branch","line":8,"loc":{"start":{"line":8,"column":35},"end":{"line":8,"column":42}},"locations":[{"start":{"line":8,"column":35},"end":{"line":8,"column":42}}]},"10":{"type":"branch","line":8,"loc":{"start":{"line":8,"column":35},"end":{"line":12,"column":4}},"locations":[{"start":{"line":8,"column":35},"end":{"line":12,"column":4}}]},"11":{"type":"branch","line":18,"loc":{"start":{"line":18,"column":28},"end":{"line":18,"column":45}},"locations":[{"start":{"line":18,"column":28},"end":{"line":18,"column":45}}]}},"b":{"0":[30],"1":[108],"2":[30],"3":[78],"4":[12],"5":[66],"6":[30],"7":[24],"8":[42],"9":[18],"10":[24],"11":[108]},"fnMap":{"0":{"name":"formDiff","decl":{"start":{"line":3,"column":17},"end":{"line":19,"column":2}},"loc":{"start":{"line":3,"column":17},"end":{"line":19,"column":2}},"line":3},"1":{"name":"calcDiff","decl":{"start":{"line":4,"column":19},"end":{"line":12,"column":4}},"loc":{"start":{"line":4,"column":19},"end":{"line":12,"column":4}},"line":4}},"f":{"0":30,"1":108}}
,"/home/alex/frontend-project-lvl2/src/index.js": {"path":"/home/alex/frontend-project-lvl2/src/index.js","all":false,"statementMap":{"0":{"start":{"line":1,"column":0},"end":{"line":1,"column":25}},"1":{"start":{"line":2,"column":0},"end":{"line":2,"column":29}},"2":{"start":{"line":3,"column":0},"end":{"line":3,"column":33}},"3":{"start":{"line":4,"column":0},"end":{"line":4,"column":47}},"4":{"start":{"line":5,"column":0},"end":{"line":5,"column":37}},"5":{"start":{"line":6,"column":0},"end":{"line":6,"column":0}},"6":{"start":{"line":7,"column":0},"end":{"line":7,"column":68}},"7":{"start":{"line":8,"column":0},"end":{"line":8,"column":40}},"8":{"start":{"line":9,"column":0},"end":{"line":9,"column":73}},"9":{"start":{"line":10,"column":0},"end":{"line":10,"column":50}},"10":{"start":{"line":11,"column":0},"end":{"line":11,"column":14}},"11":{"start":{"line":12,"column":0},"end":{"line":12,"column":2}},"12":{"start":{"line":13,"column":0},"end":{"line":13,"column":44}},"13":{"start":{"line":14,"column":0},"end":{"line":14,"column":42}},"14":{"start":{"line":15,"column":0},"end":{"line":15,"column":45}},"15":{"start":{"line":16,"column":0},"end":{"line":16,"column":33}},"16":{"start":{"line":17,"column":0},"end":{"line":17,"column":2}},"17":{"start":{"line":18,"column":0},"end":{"line":18,"column":43}},"18":{"start":{"line":19,"column":0},"end":{"line":19,"column":48}},"19":{"start":{"line":20,"column":0},"end":{"line":20,"column":48}},"20":{"start":{"line":21,"column":0},"end":{"line":21,"column":38}},"21":{"start":{"line":22,"column":0},"end":{"line":22,"column":14}},"22":{"start":{"line":23,"column":0},"end":{"line":23,"column":2}},"23":{"start":{"line":24,"column":0},"end":{"line":24,"column":67}},"24":{"start":{"line":25,"column":0},"end":{"line":25,"column":45}},"25":{"start":{"line":26,"column":0},"end":{"line":26,"column":38}},"26":{"start":{"line":27,"column":0},"end":{"line":27,"column":2}},"27":{"start":{"line":28,"column":0},"end":{"line":28,"column":0}},"28":{"start":{"line":29,"column":0},"end":{"line":29,"column":23}}},"s":{"0":1,"1":1,"2":1,"3":1,"4":1,"5":1,"6":1,"7":1,"8":12,"9":12,"10":12,"11":12,"12":1,"13":12,"14":12,"15":12,"16":12,"17":1,"18":6,"19":6,"20":6,"21":6,"22":6,"23":1,"24":6,"25":6,"26":6,"27":1,"28":1},"branchMap":{"0":{"type":"branch","line":7,"loc":{"start":{"line":7,"column":23},"end":{"line":7,"column":40}},"locations":[{"start":{"line":7,"column":23},"end":{"line":7,"column":40}}]},"1":{"type":"branch","line":8,"loc":{"start":{"line":8,"column":26},"end":{"line":12,"column":2}},"locations":[{"start":{"line":8,"column":26},"end":{"line":12,"column":2}}]},"2":{"type":"branch","line":13,"loc":{"start":{"line":13,"column":30},"end":{"line":17,"column":2}},"locations":[{"start":{"line":13,"column":30},"end":{"line":17,"column":2}}]},"3":{"type":"branch","line":18,"loc":{"start":{"line":18,"column":16},"end":{"line":23,"column":2}},"locations":[{"start":{"line":18,"column":16},"end":{"line":23,"column":2}}]},"4":{"type":"branch","line":24,"loc":{"start":{"line":24,"column":16},"end":{"line":27,"column":2}},"locations":[{"start":{"line":24,"column":16},"end":{"line":27,"column":2}}]}},"b":{"0":[12],"1":[12],"2":[12],"3":[6],"4":[6]},"fnMap":{"0":{"name":"getDataFormat","decl":{"start":{"line":7,"column":23},"end":{"line":7,"column":40}},"loc":{"start":{"line":7,"column":23},"end":{"line":7,"column":40}},"line":7},"1":{"name":"getContentOfFile","decl":{"start":{"line":8,"column":26},"end":{"line":12,"column":2}},"loc":{"start":{"line":8,"column":26},"end":{"line":12,"column":2}},"line":8},"2":{"name":"getNormalizedContent","decl":{"start":{"line":13,"column":30},"end":{"line":17,"column":2}},"loc":{"start":{"line":13,"column":30},"end":{"line":17,"column":2}},"line":13},"3":{"name":"getDiff","decl":{"start":{"line":18,"column":16},"end":{"line":23,"column":2}},"loc":{"start":{"line":18,"column":16},"end":{"line":23,"column":2}},"line":18},"4":{"name":"genDiff","decl":{"start":{"line":24,"column":16},"end":{"line":27,"column":2}},"loc":{"start":{"line":24,"column":16},"end":{"line":27,"column":2}},"line":24}},"f":{"0":12,"1":12,"2":12,"3":6,"4":6}}
,"/home/alex/frontend-project-lvl2/src/parsers.js": {"path":"/home/alex/frontend-project-lvl2/src/parsers.js","all":false,"statementMap":{"0":{"start":{"line":1,"column":0},"end":{"line":1,"column":27}},"1":{"start":{"line":2,"column":0},"end":{"line":2,"column":0}},"2":{"start":{"line":3,"column":0},"end":{"line":3,"column":38}},"3":{"start":{"line":4,"column":0},"end":{"line":4,"column":23}},"4":{"start":{"line":5,"column":0},"end":{"line":5,"column":16}},"5":{"start":{"line":6,"column":0},"end":{"line":6,"column":15}},"6":{"start":{"line":7,"column":0},"end":{"line":7,"column":29}},"7":{"start":{"line":8,"column":0},"end":{"line":8,"column":16}},"8":{"start":{"line":9,"column":0},"end":{"line":9,"column":30}},"9":{"start":{"line":10,"column":0},"end":{"line":10,"column":12}},"10":{"start":{"line":11,"column":0},"end":{"line":11,"column":63}},"11":{"start":{"line":12,"column":0},"end":{"line":12,"column":3}},"12":{"start":{"line":13,"column":0},"end":{"line":13,"column":2}}},"s":{"0":1,"1":1,"2":1,"3":12,"4":12,"5":12,"6":12,"7":12,"8":12,"9":12,"10":12,"11":12,"12":12},"branchMap":{"0":{"type":"branch","line":3,"loc":{"start":{"line":3,"column":15},"end":{"line":13,"column":2}},"locations":[{"start":{"line":3,"column":15},"end":{"line":13,"column":2}}]},"1":{"type":"branch","line":5,"loc":{"start":{"line":5,"column":4},"end":{"line":5,"column":9}},"locations":[{"start":{"line":5,"column":4},"end":{"line":5,"column":9}}]},"2":{"type":"branch","line":6,"loc":{"start":{"line":6,"column":4},"end":{"line":7,"column":13}},"locations":[{"start":{"line":6,"column":4},"end":{"line":7,"column":13}}]},"3":{"type":"branch","line":8,"loc":{"start":{"line":8,"column":4},"end":{"line":9,"column":13}},"locations":[{"start":{"line":8,"column":4},"end":{"line":9,"column":13}}]},"4":{"type":"branch","line":10,"loc":{"start":{"line":10,"column":4},"end":{"line":11,"column":12}},"locations":[{"start":{"line":10,"column":4},"end":{"line":11,"column":12}}]}},"b":{"0":[12],"1":[0],"2":[6],"3":[6],"4":[0]},"fnMap":{"0":{"name":"default","decl":{"start":{"line":3,"column":15},"end":{"line":13,"column":2}},"loc":{"start":{"line":3,"column":15},"end":{"line":13,"column":2}},"line":3}},"f":{"0":12}}
,"/home/alex/frontend-project-lvl2/src/formatters/index.js": {"path":"/home/alex/frontend-project-lvl2/src/formatters/index.js","all":false,"statementMap":{"0":{"start":{"line":1,"column":0},"end":{"line":1,"column":39}},"1":{"start":{"line":2,"column":0},"end":{"line":2,"column":35}},"2":{"start":{"line":3,"column":0},"end":{"line":3,"column":33}},"3":{"start":{"line":4,"column":0},"end":{"line":4,"column":0}},"4":{"start":{"line":5,"column":0},"end":{"line":5,"column":42}},"5":{"start":{"line":6,"column":0},"end":{"line":6,"column":23}},"6":{"start":{"line":7,"column":0},"end":{"line":7,"column":17}},"7":{"start":{"line":8,"column":0},"end":{"line":8,"column":29}},"8":{"start":{"line":9,"column":0},"end":{"line":9,"column":19}},"9":{"start":{"line":10,"column":0},"end":{"line":10,"column":31}},"10":{"start":{"line":11,"column":0},"end":{"line":11,"column":16}},"11":{"start":{"line":12,"column":0},"end":{"line":12,"column":28}},"12":{"start":{"line":13,"column":0},"end":{"line":13,"column":12}},"13":{"start":{"line":14,"column":0},"end":{"line":14,"column":62}},"14":{"start":{"line":15,"column":0},"end":{"line":15,"column":3}},"15":{"start":{"line":16,"column":0},"end":{"line":16,"column":2}},"16":{"start":{"line":17,"column":0},"end":{"line":17,"column":0}},"17":{"start":{"line":18,"column":0},"end":{"line":18,"column":26}}},"s":{"0":1,"1":1,"2":1,"3":1,"4":1,"5":6,"6":6,"7":6,"8":6,"9":6,"10":6,"11":6,"12":6,"13":6,"14":6,"15":6,"16":1,"17":1},"branchMap":{"0":{"type":"branch","line":5,"loc":{"start":{"line":5,"column":19},"end":{"line":16,"column":2}},"locations":[{"start":{"line":5,"column":19},"end":{"line":16,"column":2}}]},"1":{"type":"branch","line":7,"loc":{"start":{"line":7,"column":4},"end":{"line":8,"column":13}},"locations":[{"start":{"line":7,"column":4},"end":{"line":8,"column":13}}]},"2":{"type":"branch","line":9,"loc":{"start":{"line":9,"column":4},"end":{"line":10,"column":13}},"locations":[{"start":{"line":9,"column":4},"end":{"line":10,"column":13}}]},"3":{"type":"branch","line":11,"loc":{"start":{"line":11,"column":4},"end":{"line":12,"column":13}},"locations":[{"start":{"line":11,"column":4},"end":{"line":12,"column":13}}]},"4":{"type":"branch","line":13,"loc":{"start":{"line":13,"column":4},"end":{"line":14,"column":12}},"locations":[{"start":{"line":13,"column":4},"end":{"line":14,"column":12}}]}},"b":{"0":[6],"1":[2],"2":[2],"3":[2],"4":[0]},"fnMap":{"0":{"name":"formatDiff","decl":{"start":{"line":5,"column":19},"end":{"line":16,"column":2}},"loc":{"start":{"line":5,"column":19},"end":{"line":16,"column":2}},"line":5}},"f":{"0":6}}
,"/home/alex/frontend-project-lvl2/src/formatters/json.js": {"path":"/home/alex/frontend-project-lvl2/src/formatters/json.js","all":false,"statementMap":{"0":{"start":{"line":1,"column":0},"end":{"line":1,"column":57}},"1":{"start":{"line":2,"column":0},"end":{"line":2,"column":0}},"2":{"start":{"line":3,"column":0},"end":{"line":3,"column":24}}},"s":{"0":1,"1":1,"2":1},"branchMap":{"0":{"type":"branch","line":1,"loc":{"start":{"line":1,"column":18},"end":{"line":1,"column":31}},"locations":[{"start":{"line":1,"column":18},"end":{"line":1,"column":31}}]}},"b":{"0":[2]},"fnMap":{"0":{"name":"makeJson","decl":{"start":{"line":1,"column":18},"end":{"line":1,"column":31}},"loc":{"start":{"line":1,"column":18},"end":{"line":1,"column":31}},"line":1}},"f":{"0":2}}
,"/home/alex/frontend-project-lvl2/src/formatters/plain.js": {"path":"/home/alex/frontend-project-lvl2/src/formatters/plain.js","all":false,"statementMap":{"0":{"start":{"line":1,"column":0},"end":{"line":1,"column":23}},"1":{"start":{"line":2,"column":0},"end":{"line":2,"column":0}},"2":{"start":{"line":3,"column":0},"end":{"line":3,"column":39}},"3":{"start":{"line":4,"column":0},"end":{"line":4,"column":50}},"4":{"start":{"line":5,"column":0},"end":{"line":5,"column":53}},"5":{"start":{"line":6,"column":0},"end":{"line":6,"column":15}},"6":{"start":{"line":7,"column":0},"end":{"line":7,"column":2}},"7":{"start":{"line":8,"column":0},"end":{"line":8,"column":0}},"8":{"start":{"line":9,"column":0},"end":{"line":9,"column":41}},"9":{"start":{"line":10,"column":0},"end":{"line":10,"column":84}},"10":{"start":{"line":11,"column":0},"end":{"line":11,"column":34}},"11":{"start":{"line":12,"column":0},"end":{"line":12,"column":82}},"12":{"start":{"line":13,"column":0},"end":{"line":13,"column":3}},"13":{"start":{"line":14,"column":0},"end":{"line":14,"column":36}},"14":{"start":{"line":15,"column":0},"end":{"line":15,"column":34}},"15":{"start":{"line":16,"column":0},"end":{"line":16,"column":3}},"16":{"start":{"line":17,"column":0},"end":{"line":17,"column":36}},"17":{"start":{"line":18,"column":0},"end":{"line":18,"column":117}},"18":{"start":{"line":19,"column":0},"end":{"line":19,"column":3}},"19":{"start":{"line":20,"column":0},"end":{"line":20,"column":12}},"20":{"start":{"line":21,"column":0},"end":{"line":21,"column":2}},"21":{"start":{"line":22,"column":0},"end":{"line":22,"column":0}},"22":{"start":{"line":23,"column":0},"end":{"line":23,"column":29}},"23":{"start":{"line":24,"column":0},"end":{"line":24,"column":44}},"24":{"start":{"line":25,"column":0},"end":{"line":25,"column":36}},"25":{"start":{"line":26,"column":0},"end":{"line":26,"column":52}},"26":{"start":{"line":27,"column":0},"end":{"line":27,"column":39}},"27":{"start":{"line":28,"column":0},"end":{"line":28,"column":58}},"28":{"start":{"line":29,"column":0},"end":{"line":29,"column":7}},"29":{"start":{"line":30,"column":0},"end":{"line":30,"column":44}},"30":{"start":{"line":31,"column":0},"end":{"line":31,"column":6}},"31":{"start":{"line":32,"column":0},"end":{"line":32,"column":0}},"32":{"start":{"line":33,"column":0},"end":{"line":33,"column":68}},"33":{"start":{"line":34,"column":0},"end":{"line":34,"column":29}},"34":{"start":{"line":35,"column":0},"end":{"line":35,"column":4}},"35":{"start":{"line":36,"column":0},"end":{"line":36,"column":24}},"36":{"start":{"line":37,"column":0},"end":{"line":37,"column":2}},"37":{"start":{"line":38,"column":0},"end":{"line":38,"column":0}},"38":{"start":{"line":39,"column":0},"end":{"line":39,"column":25}}},"s":{"0":1,"1":1,"2":1,"3":26,"4":26,"5":6,"6":6,"7":1,"8":1,"9":28,"10":28,"11":10,"12":10,"13":28,"14":4,"15":4,"16":28,"17":8,"18":8,"19":6,"20":6,"21":1,"22":1,"23":2,"24":10,"25":36,"26":36,"27":8,"28":8,"29":28,"30":28,"31":10,"32":10,"33":10,"34":10,"35":2,"36":2,"37":1,"38":1},"branchMap":{"0":{"type":"branch","line":3,"loc":{"start":{"line":3,"column":28},"end":{"line":7,"column":2}},"locations":[{"start":{"line":3,"column":28},"end":{"line":7,"column":2}}]},"1":{"type":"branch","line":4,"loc":{"start":{"line":4,"column":25},"end":{"line":4,"column":32}},"locations":[{"start":{"line":4,"column":25},"end":{"line":4,"column":32}}]},"2":{"type":"branch","line":4,"loc":{"start":{"line":4,"column":25},"end":{"line":5,"column":6}},"locations":[{"start":{"line":4,"column":25},"end":{"line":5,"column":6}}]},"3":{"type":"branch","line":5,"loc":{"start":{"line":5,"column":33},"end":{"line":5,"column":41}},"locations":[{"start":{"line":5,"column":33},"end":{"line":5,"column":41}}]},"4":{"type":"branch","line":5,"loc":{"start":{"line":5,"column":33},"end":{"line":7,"column":2}},"locations":[{"start":{"line":5,"column":33},"end":{"line":7,"column":2}}]},"5":{"type":"branch","line":9,"loc":{"start":{"line":9,"column":18},"end":{"line":21,"column":2}},"locations":[{"start":{"line":9,"column":18},"end":{"line":21,"column":2}}]},"6":{"type":"branch","line":11,"loc":{"start":{"line":11,"column":33},"end":{"line":13,"column":3}},"locations":[{"start":{"line":11,"column":33},"end":{"line":13,"column":3}}]},"7":{"type":"branch","line":14,"loc":{"start":{"line":14,"column":-1},"end":{"line":14,"column":6}},"locations":[{"start":{"line":14,"column":-1},"end":{"line":14,"column":6}}]},"8":{"type":"branch","line":14,"loc":{"start":{"line":14,"column":35},"end":{"line":16,"column":3}},"locations":[{"start":{"line":14,"column":35},"end":{"line":16,"column":3}}]},"9":{"type":"branch","line":17,"loc":{"start":{"line":17,"column":-1},"end":{"line":17,"column":6}},"locations":[{"start":{"line":17,"column":-1},"end":{"line":17,"column":6}}]},"10":{"type":"branch","line":17,"loc":{"start":{"line":17,"column":35},"end":{"line":19,"column":3}},"locations":[{"start":{"line":17,"column":35},"end":{"line":19,"column":3}}]},"11":{"type":"branch","line":20,"loc":{"start":{"line":20,"column":-1},"end":{"line":21,"column":2}},"locations":[{"start":{"line":20,"column":-1},"end":{"line":21,"column":2}}]},"12":{"type":"branch","line":23,"loc":{"start":{"line":23,"column":19},"end":{"line":37,"column":2}},"locations":[{"start":{"line":23,"column":19},"end":{"line":37,"column":2}}]},"13":{"type":"branch","line":24,"loc":{"start":{"line":24,"column":15},"end":{"line":35,"column":4}},"locations":[{"start":{"line":24,"column":15},"end":{"line":35,"column":4}}]},"14":{"type":"branch","line":25,"loc":{"start":{"line":25,"column":24},"end":{"line":31,"column":6}},"locations":[{"start":{"line":25,"column":24},"end":{"line":31,"column":6}}]},"15":{"type":"branch","line":27,"loc":{"start":{"line":27,"column":38},"end":{"line":29,"column":7}},"locations":[{"start":{"line":27,"column":38},"end":{"line":29,"column":7}}]},"16":{"type":"branch","line":30,"loc":{"start":{"line":30,"column":-1},"end":{"line":31,"column":6}},"locations":[{"start":{"line":30,"column":-1},"end":{"line":31,"column":6}}]},"17":{"type":"branch","line":33,"loc":{"start":{"line":33,"column":41},"end":{"line":33,"column":61}},"locations":[{"start":{"line":33,"column":41},"end":{"line":33,"column":61}}]}},"b":{"0":[26],"1":[6],"2":[20],"3":[14],"4":[6],"5":[28],"6":[10],"7":[18],"8":[4],"9":[14],"10":[8],"11":[6],"12":[2],"13":[10],"14":[36],"15":[8],"16":[28],"17":[36]},"fnMap":{"0":{"name":"getNormalizedValue","decl":{"start":{"line":3,"column":28},"end":{"line":7,"column":2}},"loc":{"start":{"line":3,"column":28},"end":{"line":7,"column":2}},"line":3},"1":{"name":"getString","decl":{"start":{"line":9,"column":18},"end":{"line":21,"column":2}},"loc":{"start":{"line":9,"column":18},"end":{"line":21,"column":2}},"line":9},"2":{"name":"makePlain","decl":{"start":{"line":23,"column":19},"end":{"line":37,"column":2}},"loc":{"start":{"line":23,"column":19},"end":{"line":37,"column":2}},"line":23},"3":{"name":"iter","decl":{"start":{"line":24,"column":15},"end":{"line":35,"column":4}},"loc":{"start":{"line":24,"column":15},"end":{"line":35,"column":4}},"line":24},"4":{"name":"makeString","decl":{"start":{"line":25,"column":24},"end":{"line":31,"column":6}},"loc":{"start":{"line":25,"column":24},"end":{"line":31,"column":6}},"line":25}},"f":{"0":26,"1":28,"2":2,"3":10,"4":36}}
,"/home/alex/frontend-project-lvl2/src/formatters/stylish.js": {"path":"/home/alex/frontend-project-lvl2/src/formatters/stylish.js","all":false,"statementMap":{"0":{"start":{"line":1,"column":0},"end":{"line":1,"column":23}},"1":{"start":{"line":2,"column":0},"end":{"line":2,"column":0}},"2":{"start":{"line":3,"column":0},"end":{"line":3,"column":23}},"3":{"start":{"line":4,"column":0},"end":{"line":4,"column":22}},"4":{"start":{"line":5,"column":0},"end":{"line":5,"column":26}},"5":{"start":{"line":6,"column":0},"end":{"line":6,"column":24}},"6":{"start":{"line":7,"column":0},"end":{"line":7,"column":22}},"7":{"start":{"line":8,"column":0},"end":{"line":8,"column":0}},"8":{"start":{"line":9,"column":0},"end":{"line":9,"column":89}},"9":{"start":{"line":10,"column":0},"end":{"line":10,"column":0}},"10":{"start":{"line":11,"column":0},"end":{"line":11,"column":37}},"11":{"start":{"line":12,"column":0},"end":{"line":12,"column":39}},"12":{"start":{"line":13,"column":0},"end":{"line":13,"column":119}},"13":{"start":{"line":14,"column":0},"end":{"line":14,"column":73}},"14":{"start":{"line":15,"column":0},"end":{"line":15,"column":2}},"15":{"start":{"line":16,"column":0},"end":{"line":16,"column":0}},"16":{"start":{"line":17,"column":0},"end":{"line":17,"column":31}},"17":{"start":{"line":18,"column":0},"end":{"line":18,"column":41}},"18":{"start":{"line":19,"column":0},"end":{"line":19,"column":36}},"19":{"start":{"line":20,"column":0},"end":{"line":20,"column":30}},"20":{"start":{"line":21,"column":0},"end":{"line":21,"column":22}},"21":{"start":{"line":22,"column":0},"end":{"line":22,"column":109}},"22":{"start":{"line":23,"column":0},"end":{"line":23,"column":21}},"23":{"start":{"line":24,"column":0},"end":{"line":24,"column":104}},"24":{"start":{"line":25,"column":0},"end":{"line":25,"column":25}},"25":{"start":{"line":26,"column":0},"end":{"line":26,"column":108}},"26":{"start":{"line":27,"column":0},"end":{"line":27,"column":23}},"27":{"start":{"line":28,"column":0},"end":{"line":28,"column":106}},"28":{"start":{"line":29,"column":0},"end":{"line":29,"column":23}},"29":{"start":{"line":30,"column":0},"end":{"line":30,"column":194}},"30":{"start":{"line":31,"column":0},"end":{"line":31,"column":16}},"31":{"start":{"line":32,"column":0},"end":{"line":32,"column":65}},"32":{"start":{"line":33,"column":0},"end":{"line":33,"column":7}},"33":{"start":{"line":34,"column":0},"end":{"line":34,"column":6}},"34":{"start":{"line":35,"column":0},"end":{"line":35,"column":64}},"35":{"start":{"line":36,"column":0},"end":{"line":36,"column":76}},"36":{"start":{"line":37,"column":0},"end":{"line":37,"column":4}},"37":{"start":{"line":38,"column":0},"end":{"line":38,"column":23}},"38":{"start":{"line":39,"column":0},"end":{"line":39,"column":2}},"39":{"start":{"line":40,"column":0},"end":{"line":40,"column":0}},"40":{"start":{"line":41,"column":0},"end":{"line":41,"column":27}}},"s":{"0":1,"1":1,"2":1,"3":1,"4":1,"5":1,"6":1,"7":1,"8":1,"9":1,"10":1,"11":54,"12":14,"13":14,"14":14,"15":1,"16":1,"17":2,"18":10,"19":36,"20":36,"21":36,"22":36,"23":36,"24":36,"25":36,"26":36,"27":36,"28":36,"29":36,"30":36,"31":36,"32":36,"33":36,"34":10,"35":10,"36":10,"37":2,"38":2,"39":1,"40":1},"branchMap":{"0":{"type":"branch","line":9,"loc":{"start":{"line":9,"column":18},"end":{"line":9,"column":51}},"locations":[{"start":{"line":9,"column":18},"end":{"line":9,"column":51}}]},"1":{"type":"branch","line":11,"loc":{"start":{"line":11,"column":18},"end":{"line":15,"column":2}},"locations":[{"start":{"line":11,"column":18},"end":{"line":15,"column":2}}]},"2":{"type":"branch","line":12,"loc":{"start":{"line":12,"column":26},"end":{"line":12,"column":33}},"locations":[{"start":{"line":12,"column":26},"end":{"line":12,"column":33}}]},"3":{"type":"branch","line":12,"loc":{"start":{"line":12,"column":26},"end":{"line":15,"column":2}},"locations":[{"start":{"line":12,"column":26},"end":{"line":15,"column":2}}]},"4":{"type":"branch","line":13,"loc":{"start":{"line":13,"column":42},"end":{"line":13,"column":119}},"locations":[{"start":{"line":13,"column":42},"end":{"line":13,"column":119}}]},"5":{"type":"branch","line":17,"loc":{"start":{"line":17,"column":21},"end":{"line":39,"column":2}},"locations":[{"start":{"line":17,"column":21},"end":{"line":39,"column":2}}]},"6":{"type":"branch","line":18,"loc":{"start":{"line":18,"column":15},"end":{"line":37,"column":4}},"locations":[{"start":{"line":18,"column":15},"end":{"line":37,"column":4}}]},"7":{"type":"branch","line":19,"loc":{"start":{"line":19,"column":24},"end":{"line":34,"column":6}},"locations":[{"start":{"line":19,"column":24},"end":{"line":34,"column":6}}]},"8":{"type":"branch","line":21,"loc":{"start":{"line":21,"column":8},"end":{"line":22,"column":18}},"locations":[{"start":{"line":21,"column":8},"end":{"line":22,"column":18}}]},"9":{"type":"branch","line":23,"loc":{"start":{"line":23,"column":8},"end":{"line":24,"column":18}},"locations":[{"start":{"line":23,"column":8},"end":{"line":24,"column":18}}]},"10":{"type":"branch","line":25,"loc":{"start":{"line":25,"column":8},"end":{"line":26,"column":18}},"locations":[{"start":{"line":25,"column":8},"end":{"line":26,"column":18}}]},"11":{"type":"branch","line":27,"loc":{"start":{"line":27,"column":8},"end":{"line":28,"column":18}},"locations":[{"start":{"line":27,"column":8},"end":{"line":28,"column":18}}]},"12":{"type":"branch","line":29,"loc":{"start":{"line":29,"column":8},"end":{"line":30,"column":18}},"locations":[{"start":{"line":29,"column":8},"end":{"line":30,"column":18}}]},"13":{"type":"branch","line":31,"loc":{"start":{"line":31,"column":8},"end":{"line":32,"column":16}},"locations":[{"start":{"line":31,"column":8},"end":{"line":32,"column":16}}]},"14":{"type":"branch","line":35,"loc":{"start":{"line":35,"column":37},"end":{"line":35,"column":57}},"locations":[{"start":{"line":35,"column":37},"end":{"line":35,"column":57}}]}},"b":{"0":[86],"1":[54],"2":[40],"3":[14],"4":[18],"5":[2],"6":[10],"7":[36],"8":[8],"9":[10],"10":[6],"11":[4],"12":[8],"13":[0],"14":[36]},"fnMap":{"0":{"name":"setIndent","decl":{"start":{"line":9,"column":18},"end":{"line":9,"column":51}},"loc":{"start":{"line":9,"column":18},"end":{"line":9,"column":51}},"line":9},"1":{"name":"stringify","decl":{"start":{"line":11,"column":18},"end":{"line":15,"column":2}},"loc":{"start":{"line":11,"column":18},"end":{"line":15,"column":2}},"line":11},"2":{"name":"makeStylish","decl":{"start":{"line":17,"column":21},"end":{"line":39,"column":2}},"loc":{"start":{"line":17,"column":21},"end":{"line":39,"column":2}},"line":17},"3":{"name":"iter","decl":{"start":{"line":18,"column":15},"end":{"line":37,"column":4}},"loc":{"start":{"line":18,"column":15},"end":{"line":37,"column":4}},"line":18},"4":{"name":"makeString","decl":{"start":{"line":19,"column":24},"end":{"line":34,"column":6}},"loc":{"start":{"line":19,"column":24},"end":{"line":34,"column":6}},"line":19}},"f":{"0":86,"1":54,"2":2,"3":10,"4":36}}
}
