{"/home/alex/frontend-project-lvl2/bin/funcs.js": {"path":"/home/alex/frontend-project-lvl2/bin/funcs.js","statementMap":{"0":{"start":{"line":4,"column":27},"end":{"line":9,"column":1}},"1":{"start":{"line":5,"column":19},"end":{"line":5,"column":83}},"2":{"start":{"line":6,"column":15},"end":{"line":6,"column":53}},"3":{"start":{"line":7,"column":19},"end":{"line":7,"column":35}},"4":{"start":{"line":8,"column":2},"end":{"line":8,"column":18}}},"fnMap":{"0":{"name":"(anonymous_0)","decl":{"start":{"line":4,"column":27},"end":{"line":4,"column":28}},"loc":{"start":{"line":4,"column":37},"end":{"line":9,"column":1}},"line":4}},"branchMap":{"0":{"loc":{"start":{"line":5,"column":19},"end":{"line":5,"column":83}},"type":"cond-expr","locations":[{"start":{"line":5,"column":43},"end":{"line":5,"column":47}},{"start":{"line":5,"column":50},"end":{"line":5,"column":83}}],"line":5}},"s":{"0":1,"1":1,"2":1,"3":1,"4":1},"f":{"0":1},"b":{"0":[0,1]},"_coverageSchema":"1a1c01bbd47fc00a2c39e90264f33305004495a9","hash":"f203aff0038a476ab1da5a7dc0d7c603d8e97f43"}
}
