TN:
SF:src/formDiff.js
FN:3,formDiff
FN:4,calcDiff
FNF:2
FNH:2
FNDA:30,formDiff
FNDA:108,calcDiff
DA:1,1
DA:2,1
DA:3,1
DA:4,30
DA:5,108
DA:6,108
DA:7,108
DA:8,108
DA:9,24
DA:10,24
DA:11,24
DA:12,24
DA:13,30
DA:14,30
DA:15,30
DA:16,30
DA:17,30
DA:18,30
DA:19,30
DA:20,1
DA:21,1
LF:21
LH:21
BRDA:3,0,0,30
BRDA:4,1,0,108
BRDA:5,2,0,30
BRDA:5,3,0,78
BRDA:6,4,0,12
BRDA:6,5,0,66
BRDA:7,6,0,30
BRDA:7,7,0,24
BRDA:7,8,0,42
BRDA:8,9,0,18
BRDA:8,10,0,24
BRDA:18,11,0,108
BRF:12
BRH:12
end_of_record
TN:
SF:src/index.js
FN:7,getDataFormat
FN:8,getContentOfFile
FN:13,getNormalizedContent
FN:18,getDiff
FN:24,genDiff
FNF:5
FNH:5
FNDA:12,getDataFormat
FNDA:12,getContentOfFile
FNDA:12,getNormalizedContent
FNDA:6,getDiff
FNDA:6,genDiff
DA:1,1
DA:2,1
DA:3,1
DA:4,1
DA:5,1
DA:6,1
DA:7,1
DA:8,1
DA:9,12
DA:10,12
DA:11,12
DA:12,12
DA:13,1
DA:14,12
DA:15,12
DA:16,12
DA:17,12
DA:18,1
DA:19,6
DA:20,6
DA:21,6
DA:22,6
DA:23,6
DA:24,1
DA:25,6
DA:26,6
DA:27,6
DA:28,1
DA:29,1
LF:29
LH:29
BRDA:7,0,0,12
BRDA:8,1,0,12
BRDA:13,2,0,12
BRDA:18,3,0,6
BRDA:24,4,0,6
BRF:5
BRH:5
end_of_record
TN:
SF:src/parsers.js
FN:3,default
FNF:1
FNH:1
FNDA:12,default
DA:1,1
DA:2,1
DA:3,1
DA:4,12
DA:5,12
DA:6,12
DA:7,12
DA:8,12
DA:9,12
DA:10,12
DA:11,12
DA:12,12
DA:13,12
LF:13
LH:13
BRDA:3,0,0,12
BRDA:5,1,0,0
BRDA:6,2,0,6
BRDA:8,3,0,6
BRDA:10,4,0,0
BRF:5
BRH:3
end_of_record
TN:
SF:src/formatters/index.js
FN:5,formatDiff
FNF:1
FNH:1
FNDA:6,formatDiff
DA:1,1
DA:2,1
DA:3,1
DA:4,1
DA:5,1
DA:6,6
DA:7,6
DA:8,6
DA:9,6
DA:10,6
DA:11,6
DA:12,6
DA:13,6
DA:14,6
DA:15,6
DA:16,6
DA:17,1
DA:18,1
LF:18
LH:18
BRDA:5,0,0,6
BRDA:7,1,0,2
BRDA:9,2,0,2
BRDA:11,3,0,2
BRDA:13,4,0,0
BRF:5
BRH:4
end_of_record
TN:
SF:src/formatters/json.js
FN:1,makeJson
FNF:1
FNH:1
FNDA:2,makeJson
DA:1,1
DA:2,1
DA:3,1
LF:3
LH:3
BRDA:1,0,0,2
BRF:1
BRH:1
end_of_record
TN:
SF:src/formatters/plain.js
FN:3,getNormalizedValue
FN:9,getString
FN:23,makePlain
FN:24,iter
FN:25,makeString
FNF:5
FNH:5
FNDA:26,getNormalizedValue
FNDA:28,getString
FNDA:2,makePlain
FNDA:10,iter
FNDA:36,makeString
DA:1,1
DA:2,1
DA:3,1
DA:4,26
DA:5,26
DA:6,6
DA:7,6
DA:8,1
DA:9,1
DA:10,28
DA:11,28
DA:12,10
DA:13,10
DA:14,28
DA:15,4
DA:16,4
DA:17,28
DA:18,8
DA:19,8
DA:20,6
DA:21,6
DA:22,1
DA:23,1
DA:24,2
DA:25,10
DA:26,36
DA:27,36
DA:28,8
DA:29,8
DA:30,28
DA:31,28
DA:32,10
DA:33,10
DA:34,10
DA:35,10
DA:36,2
DA:37,2
DA:38,1
DA:39,1
LF:39
LH:39
BRDA:3,0,0,26
BRDA:4,1,0,6
BRDA:4,2,0,20
BRDA:5,3,0,14
BRDA:5,4,0,6
BRDA:9,5,0,28
BRDA:11,6,0,10
BRDA:14,7,0,18
BRDA:14,8,0,4
BRDA:17,9,0,14
BRDA:17,10,0,8
BRDA:20,11,0,6
BRDA:23,12,0,2
BRDA:24,13,0,10
BRDA:25,14,0,36
BRDA:27,15,0,8
BRDA:30,16,0,28
BRDA:33,17,0,36
BRF:18
BRH:18
end_of_record
TN:
SF:src/formatters/stylish.js
FN:9,setIndent
FN:11,stringify
FN:17,makeStylish
FN:18,iter
FN:19,makeString
FNF:5
FNH:5
FNDA:86,setIndent
FNDA:54,stringify
FNDA:2,makeStylish
FNDA:10,iter
FNDA:36,makeString
DA:1,1
DA:2,1
DA:3,1
DA:4,1
DA:5,1
DA:6,1
DA:7,1
DA:8,1
DA:9,1
DA:10,1
DA:11,1
DA:12,54
DA:13,14
DA:14,14
DA:15,14
DA:16,1
DA:17,1
DA:18,2
DA:19,10
DA:20,36
DA:21,36
DA:22,36
DA:23,36
DA:24,36
DA:25,36
DA:26,36
DA:27,36
DA:28,36
DA:29,36
DA:30,36
DA:31,36
DA:32,36
DA:33,36
DA:34,36
DA:35,10
DA:36,10
DA:37,10
DA:38,2
DA:39,2
DA:40,1
DA:41,1
LF:41
LH:41
BRDA:9,0,0,86
BRDA:11,1,0,54
BRDA:12,2,0,40
BRDA:12,3,0,14
BRDA:13,4,0,18
BRDA:17,5,0,2
BRDA:18,6,0,10
BRDA:19,7,0,36
BRDA:21,8,0,8
BRDA:23,9,0,10
BRDA:25,10,0,6
BRDA:27,11,0,4
BRDA:29,12,0,8
BRDA:31,13,0,0
BRDA:35,14,0,36
BRF:15
BRH:14
end_of_record
